[2020-12-19 00:18:13,313] multiqc                                            [DEBUG  ]  No MultiQC config found: /usr/local/lib/python3.8/site-packages/multiqc_config.yaml
[2020-12-19 00:18:13,314] multiqc                                            [DEBUG  ]  No MultiQC config found: /root/.multiqc_config.yaml
[2020-12-19 00:18:13,326] multiqc                                            [DEBUG  ]  Loading config settings from: multiqc_config.yaml
[2020-12-19 00:18:13,326] multiqc                                            [DEBUG  ]  New config 'report_comment': This report has been generated by the <a href="https://github.com/nf-core/rnaseq" target="_blank">nf-core/rnaseq</a> analysis pipeline. For information about how to interpret these results, please see the <a href="https://github.com/nf-core/rnaseq/blob/master/docs/output.md" target="_blank">documentation</a>.

[2020-12-19 00:18:13,326] multiqc                                            [DEBUG  ]  New config 'run_modules': ['custom_content', 'fastqc', 'cutadapt', 'sortmerna', 'star', 'hisat2', 'rsem', 'salmon', 'samtools', 'picard', 'preseq', 'rseqc', 'qualimap']
[2020-12-19 00:18:13,326] multiqc                                            [DEBUG  ]  New config 'top_modules': ['fail_mapped_samples', 'fail_strand_check', 'star_rsem_deseq2_pca', 'star_rsem_deseq2_clustering', 'star_salmon_deseq2_pca', 'star_salmon_deseq2_clustering', 'salmon_deseq2_pca', 'salmon_deseq2_clustering', 'biotype_counts', 'dupradar']
[2020-12-19 00:18:13,326] multiqc                                            [DEBUG  ]  New config 'module_order': [{'fastqc': {'name': 'FastQC (raw)', 'info': 'This section of the report shows FastQC results before adapter trimming.', 'path_filters': ['./fastqc/*.zip']}}, 'cutadapt', {'fastqc': {'name': 'FastQC (trimmed)', 'info': 'This section of the report shows FastQC results after adapter trimming.', 'path_filters': ['./trimgalore/fastqc/*.zip']}}]
[2020-12-19 00:18:13,326] multiqc                                            [DEBUG  ]  New config 'report_section_order': {'software_versions': {'order': -1000}, 'nf-core-rnaseq-summary': {'order': -1100}}
[2020-12-19 00:18:13,326] multiqc                                            [DEBUG  ]  New config 'table_columns_visible': {'FastQC': {'percent_duplicates': False}}
[2020-12-19 00:18:13,326] multiqc                                            [DEBUG  ]  Added to filename clean extensions: ['.ccurve', '.hisat2', '_2_val_2', '_val_1', '_duprate', '.markdup', '.read_distribution', '.junction_annotation', '.infer_experiment', '.biotype']
[2020-12-19 00:18:13,326] multiqc                                            [DEBUG  ]  Added to filename patterns: {'cutadapt': {'fn': '*trimming_report.txt'}, 'sortmerna': {'fn': '*.sortmerna.log'}, 'hisat2': {'fn': '*.hisat2.summary.log'}, 'salmon/meta': {'fn': 'meta_info.json'}, 'preseq': {'fn': '*.ccurve.txt'}, 'samtools/stats': {'fn': '*.stats'}, 'samtools/flagstat': {'fn': '*.flagstat'}, 'samtools/idxstats': {'fn': '*.idxstats*'}, 'rseqc/bam_stat': {'fn': '*.bam_stat.txt'}, 'rseqc/gene_body_coverage': {'skip': True}, 'rseqc/junction_annotation': {'fn': '*.junction_annotation.log'}, 'rseqc/read_gc': {'skip': True}, 'rseqc/read_distribution': {'fn': '*.read_distribution.txt'}, 'rseqc/infer_experiment': {'fn': '*.infer_experiment.txt'}, 'picard/markdups': {'fn': '*.MarkDuplicates.metrics.txt'}, 'picard/alignment_metrics': {'skip': True}, 'picard/basedistributionbycycle': {'skip': True}, 'picard/gcbias': {'skip': True}, 'picard/hsmetrics': {'skip': True}, 'picard/insertsize': {'skip': True}, 'picard/oxogmetrics': {'skip': True}, 'picard/pcr_metrics': {'skip': True}, 'picard/quality_by_cycle': {'skip': True}, 'picard/quality_score_distribution': {'skip': True}, 'picard/quality_yield_metrics': {'skip': True}, 'picard/rnaseqmetrics': {'skip': True}, 'picard/rrbs_metrics': {'skip': True}, 'picard/sam_file_validation': {'skip': True}, 'picard/variant_calling_metrics': {'skip': True}, 'picard/wgs_metrics': {'skip': True}}
[2020-12-19 00:18:13,326] multiqc                                            [DEBUG  ]  New config 'custom_data': {'fail_mapped_samples': {'section_name': 'WARNING: Fail Alignment Check', 'description': "List of samples that failed the STAR minimum mapped reads threshold specified via the '--min_mapped_reads' parameter, and hence were ignored for the downstream processing steps.", 'plot_type': 'table', 'pconfig': {'id': 'fail_mapped_samples_table', 'table_title': 'Samples failed mapping threshold', 'namespace': 'Samples failed mapping threshold', 'format': '{:.2f}'}}, 'fail_strand_check': {'section_name': 'WARNING: Fail Strand Check', 'description': "List of samples that failed the strandedness check between that provided in the samplesheet and calculated by the <a href='http://rseqc.sourceforge.net/#infer-experiment-py'>RSeQC infer_experiment.py</a> tool.", 'plot_type': 'table', 'pconfig': {'id': 'fail_strand_check_table', 'table_title': 'Samples failed strandedness check', 'namespace': 'Samples failed strandedness check', 'format': '{:.2f}'}}}
[2020-12-19 00:18:13,326] multiqc                                            [DEBUG  ]  Command used: /usr/local/bin/multiqc -f .
[2020-12-19 00:18:13,488] multiqc                                            [DEBUG  ]  Latest MultiQC version is v1.9
[2020-12-19 00:18:13,488] multiqc                                            [INFO   ]  This is MultiQC v1.9
[2020-12-19 00:18:13,488] multiqc                                            [DEBUG  ]  Command     : /usr/local/bin/multiqc -f .
[2020-12-19 00:18:13,488] multiqc                                            [DEBUG  ]  Working dir : /tmp/nxf.ESsqeqazfX
[2020-12-19 00:18:13,488] multiqc                                            [INFO   ]  Template    : default
[2020-12-19 00:18:13,488] multiqc                                            [DEBUG  ]  Running Python 3.8.2 | packaged by conda-forge | (default, Apr 24 2020, 08:20:52)  [GCC 7.3.0]
[2020-12-19 00:18:13,488] multiqc                                            [INFO   ]  Searching   : /tmp/nxf.ESsqeqazfX
[2020-12-19 00:18:13,488] multiqc                                            [INFO   ]  Only using modules custom_content, fastqc, cutadapt, sortmerna, star, hisat2, rsem, salmon, samtools, picard, preseq, rseqc, qualimap
[2020-12-19 00:18:13,488] multiqc                                            [DEBUG  ]  Analysing modules: custom_content, hisat2, picard, preseq, qualimap, rsem, rseqc, salmon, samtools, sortmerna, star, fastqc, cutadapt, fastqc
[2020-12-19 00:18:13,488] multiqc                                            [DEBUG  ]  Using temporary directory for creating report: /tmp/tmp0oyenced
[2020-12-19 00:18:13,544] multiqc                                            [WARNING]  Skipping search pattern: picard/alignment_metrics
[2020-12-19 00:18:13,544] multiqc                                            [WARNING]  Skipping search pattern: picard/basedistributionbycycle
[2020-12-19 00:18:13,544] multiqc                                            [WARNING]  Skipping search pattern: picard/gcbias
[2020-12-19 00:18:13,545] multiqc                                            [WARNING]  Skipping search pattern: picard/hsmetrics
[2020-12-19 00:18:13,545] multiqc                                            [WARNING]  Skipping search pattern: picard/insertsize
[2020-12-19 00:18:13,545] multiqc                                            [WARNING]  Skipping search pattern: picard/oxogmetrics
[2020-12-19 00:18:13,545] multiqc                                            [WARNING]  Skipping search pattern: picard/pcr_metrics
[2020-12-19 00:18:13,545] multiqc                                            [WARNING]  Skipping search pattern: picard/quality_by_cycle
[2020-12-19 00:18:13,545] multiqc                                            [WARNING]  Skipping search pattern: picard/quality_score_distribution
[2020-12-19 00:18:13,545] multiqc                                            [WARNING]  Skipping search pattern: picard/quality_yield_metrics
[2020-12-19 00:18:13,545] multiqc                                            [WARNING]  Skipping search pattern: picard/rnaseqmetrics
[2020-12-19 00:18:13,545] multiqc                                            [WARNING]  Skipping search pattern: picard/rrbs_metrics
[2020-12-19 00:18:13,545] multiqc                                            [WARNING]  Skipping search pattern: picard/sam_file_validation
[2020-12-19 00:18:13,545] multiqc                                            [WARNING]  Skipping search pattern: picard/variant_calling_metrics
[2020-12-19 00:18:13,545] multiqc                                            [WARNING]  Skipping search pattern: picard/wgs_metrics
[2020-12-19 00:18:13,545] multiqc                                            [WARNING]  Skipping search pattern: rseqc/gene_body_coverage
[2020-12-19 00:18:13,545] multiqc                                            [WARNING]  Skipping search pattern: rseqc/read_gc
[2020-12-19 00:18:13,545] multiqc                                            [DEBUG  ]  Ignored 184 search patterns as didn't match running modules.
[2020-12-19 00:18:14,494] multiqc                                            [DEBUG  ]  Ignoring file as matched an ignore pattern: qualimapReport.html
[2020-12-19 00:18:14,501] multiqc                                            [DEBUG  ]  Ignoring file as matched an ignore pattern: qualimapReport.html
[2020-12-19 00:18:14,509] multiqc                                            [DEBUG  ]  Ignoring file as matched an ignore pattern: qualimapReport.html
[2020-12-19 00:18:14,516] multiqc                                            [DEBUG  ]  Ignoring file as matched an ignore pattern: qualimapReport.html
[2020-12-19 00:18:14,523] multiqc                                            [DEBUG  ]  Ignoring file as matched an ignore pattern: qualimapReport.html
[2020-12-19 00:18:14,530] multiqc                                            [DEBUG  ]  Ignoring file as matched an ignore pattern: qualimapReport.html
[2020-12-19 00:18:14,538] multiqc                                            [DEBUG  ]  Ignoring file as matched an ignore pattern: qualimapReport.html
[2020-12-19 00:18:14,545] multiqc                                            [DEBUG  ]  Ignoring file as matched an ignore pattern: qualimapReport.html
[2020-12-19 00:18:15,086] multiqc.plots.bargraph                             [DEBUG  ]  Using matplotlib version 3.2.1
[2020-12-19 00:18:15,087] multiqc.plots.linegraph                            [DEBUG  ]  Using matplotlib version 3.2.1
[2020-12-19 00:18:15,186] multiqc.modules.custom_content.custom_content      [INFO   ]  nf-core-rnaseq-summary: Found 1 sample (html)
[2020-12-19 00:18:15,187] multiqc.modules.custom_content.custom_content      [INFO   ]  software_versions: Found 1 sample (html)
[2020-12-19 00:18:15,188] multiqc.modules.custom_content.custom_content      [INFO   ]  biotype_counts: Found 8 samples (bargraph)
[2020-12-19 00:18:15,189] multiqc.modules.custom_content.custom_content      [INFO   ]  star_rsem_deseq2_clustering: Found 8 samples (heatmap)
[2020-12-19 00:18:15,189] multiqc.modules.custom_content.custom_content      [INFO   ]  star_rsem_deseq2_pca: Found 8 samples (scatter)
[2020-12-19 00:18:15,189] multiqc.modules.custom_content.custom_content      [INFO   ]  salmon_deseq2_clustering: Found 8 samples (heatmap)
[2020-12-19 00:18:15,189] multiqc.modules.custom_content.custom_content      [INFO   ]  salmon_deseq2_pca: Found 8 samples (scatter)
[2020-12-19 00:18:15,213] multiqc.modules.custom_content.custom_content      [INFO   ]  dupradar: Found 8 samples (linegraph)
[2020-12-19 00:18:15,216] multiqc                                            [DEBUG  ]  No samples found: hisat2
[2020-12-19 00:18:15,236] multiqc.modules.picard.picard                      [INFO   ]  Found 8 MarkDuplicates reports
[2020-12-19 00:18:15,309] multiqc.modules.preseq.preseq                      [INFO   ]  Found 8 reports
[2020-12-19 00:18:15,412] multiqc.modules.qualimap.qualimap                  [INFO   ]  Found 8 RNASeq reports
[2020-12-19 00:18:15,417] multiqc.modules.rsem.rsem                          [INFO   ]  Found 8 reports
[2020-12-19 00:18:15,426] multiqc.modules.rseqc.rseqc                        [INFO   ]  Found 8 read_distribution reports
[2020-12-19 00:18:15,430] multiqc.modules.rseqc.rseqc                        [INFO   ]  Found 8 inner_distance reports
[2020-12-19 00:18:15,450] multiqc.modules.rseqc.rseqc                        [INFO   ]  Found 8 read_duplication reports
[2020-12-19 00:18:15,453] multiqc.modules.rseqc.rseqc                        [INFO   ]  Found 8 junction_annotation reports
[2020-12-19 00:18:15,456] multiqc.modules.rseqc.rseqc                        [INFO   ]  Found 8 junction_saturation reports
[2020-12-19 00:18:15,459] multiqc.modules.rseqc.rseqc                        [INFO   ]  Found 8 infer_experiment reports
[2020-12-19 00:18:15,463] multiqc.modules.rseqc.rseqc                        [INFO   ]  Found 8 bam_stat reports
[2020-12-19 00:18:15,471] multiqc.modules.salmon.salmon                      [INFO   ]  Found 8 meta reports
[2020-12-19 00:18:15,471] multiqc.modules.salmon.salmon                      [INFO   ]  Found 8 fragment length distributions
[2020-12-19 00:18:15,563] multiqc.modules.samtools.samtools                  [INFO   ]  Found 8 stats reports
[2020-12-19 00:18:15,568] multiqc.modules.samtools.samtools                  [INFO   ]  Found 8 flagstat reports
[2020-12-19 00:18:15,570] multiqc.modules.samtools.samtools                  [INFO   ]  Found 8 idxstats reports
[2020-12-19 00:18:15,573] multiqc                                            [DEBUG  ]  No samples found: sortmerna
[2020-12-19 00:18:15,575] multiqc                                            [DEBUG  ]  No samples found: star
[2020-12-19 00:18:15,579] multiqc.modules.base_module                        [DEBUG  ]  fastqc/zip - Selecting 'H1_R2_1_fastqc.zip' as it matched the path_filters for 'FastQC (raw)'
[2020-12-19 00:18:15,592] multiqc.modules.base_module                        [DEBUG  ]  fastqc/zip - Selecting 'GM12878_R2_2_fastqc.zip' as it matched the path_filters for 'FastQC (raw)'
[2020-12-19 00:18:15,594] multiqc.modules.base_module                        [DEBUG  ]  fastqc/zip - Selecting 'H1_R2_2_fastqc.zip' as it matched the path_filters for 'FastQC (raw)'
[2020-12-19 00:18:15,607] multiqc.modules.base_module                        [DEBUG  ]  fastqc/zip - Selecting 'GM12878_R1_2_fastqc.zip' as it matched the path_filters for 'FastQC (raw)'
[2020-12-19 00:18:15,609] multiqc.modules.base_module                        [DEBUG  ]  fastqc/zip - Selecting 'GM12878_R2_1_fastqc.zip' as it matched the path_filters for 'FastQC (raw)'
[2020-12-19 00:18:15,610] multiqc.modules.base_module                        [DEBUG  ]  fastqc/zip - Selecting 'K562_R1_2_fastqc.zip' as it matched the path_filters for 'FastQC (raw)'
[2020-12-19 00:18:15,612] multiqc.modules.base_module                        [DEBUG  ]  fastqc/zip - Selecting 'H1_R1_2_fastqc.zip' as it matched the path_filters for 'FastQC (raw)'
[2020-12-19 00:18:15,625] multiqc.modules.base_module                        [DEBUG  ]  fastqc/zip - Selecting 'K562_R2_1_fastqc.zip' as it matched the path_filters for 'FastQC (raw)'
[2020-12-19 00:18:15,627] multiqc.modules.base_module                        [DEBUG  ]  fastqc/zip - Selecting 'K562_R1_1_fastqc.zip' as it matched the path_filters for 'FastQC (raw)'
[2020-12-19 00:18:15,628] multiqc.modules.base_module                        [DEBUG  ]  fastqc/zip - Selecting 'GM12878_R1_1_fastqc.zip' as it matched the path_filters for 'FastQC (raw)'
[2020-12-19 00:18:15,630] multiqc.modules.base_module                        [DEBUG  ]  fastqc/zip - Selecting 'MCF7_R2_1_fastqc.zip' as it matched the path_filters for 'FastQC (raw)'
[2020-12-19 00:18:15,644] multiqc.modules.base_module                        [DEBUG  ]  fastqc/zip - Selecting 'H1_R1_1_fastqc.zip' as it matched the path_filters for 'FastQC (raw)'
[2020-12-19 00:18:15,657] multiqc.modules.base_module                        [DEBUG  ]  fastqc/zip - Selecting 'K562_R2_2_fastqc.zip' as it matched the path_filters for 'FastQC (raw)'
[2020-12-19 00:18:15,659] multiqc.modules.base_module                        [DEBUG  ]  fastqc/zip - Selecting 'MCF7_R1_2_fastqc.zip' as it matched the path_filters for 'FastQC (raw)'
[2020-12-19 00:18:15,672] multiqc.modules.base_module                        [DEBUG  ]  fastqc/zip - Selecting 'MCF7_R1_1_fastqc.zip' as it matched the path_filters for 'FastQC (raw)'
[2020-12-19 00:18:15,686] multiqc.modules.base_module                        [DEBUG  ]  fastqc/zip - Selecting 'MCF7_R2_2_fastqc.zip' as it matched the path_filters for 'FastQC (raw)'
[2020-12-19 00:18:15,700] multiqc.modules.base_module                        [DEBUG  ]  fastqc/zip - Skipping 'GM12878_R1_1_val_1_fastqc.zip' as it didn't match the path_filters for 'FastQC (raw)'
[2020-12-19 00:18:15,700] multiqc.modules.base_module                        [DEBUG  ]  fastqc/zip - Skipping 'GM12878_R1_2_val_2_fastqc.zip' as it didn't match the path_filters for 'FastQC (raw)'
[2020-12-19 00:18:15,700] multiqc.modules.base_module                        [DEBUG  ]  fastqc/zip - Skipping 'H1_R2_1_val_1_fastqc.zip' as it didn't match the path_filters for 'FastQC (raw)'
[2020-12-19 00:18:15,700] multiqc.modules.base_module                        [DEBUG  ]  fastqc/zip - Skipping 'MCF7_R1_1_val_1_fastqc.zip' as it didn't match the path_filters for 'FastQC (raw)'
[2020-12-19 00:18:15,700] multiqc.modules.base_module                        [DEBUG  ]  fastqc/zip - Skipping 'MCF7_R2_1_val_1_fastqc.zip' as it didn't match the path_filters for 'FastQC (raw)'
[2020-12-19 00:18:15,700] multiqc.modules.base_module                        [DEBUG  ]  fastqc/zip - Skipping 'H1_R1_1_val_1_fastqc.zip' as it didn't match the path_filters for 'FastQC (raw)'
[2020-12-19 00:18:15,700] multiqc.modules.base_module                        [DEBUG  ]  fastqc/zip - Skipping 'H1_R1_2_val_2_fastqc.zip' as it didn't match the path_filters for 'FastQC (raw)'
[2020-12-19 00:18:15,700] multiqc.modules.base_module                        [DEBUG  ]  fastqc/zip - Skipping 'MCF7_R1_2_val_2_fastqc.zip' as it didn't match the path_filters for 'FastQC (raw)'
[2020-12-19 00:18:15,700] multiqc.modules.base_module                        [DEBUG  ]  fastqc/zip - Skipping 'H1_R2_2_val_2_fastqc.zip' as it didn't match the path_filters for 'FastQC (raw)'
[2020-12-19 00:18:15,700] multiqc.modules.base_module                        [DEBUG  ]  fastqc/zip - Skipping 'MCF7_R2_2_val_2_fastqc.zip' as it didn't match the path_filters for 'FastQC (raw)'
[2020-12-19 00:18:15,700] multiqc.modules.base_module                        [DEBUG  ]  fastqc/zip - Skipping 'K562_R2_2_val_2_fastqc.zip' as it didn't match the path_filters for 'FastQC (raw)'
[2020-12-19 00:18:15,700] multiqc.modules.base_module                        [DEBUG  ]  fastqc/zip - Skipping 'GM12878_R2_2_val_2_fastqc.zip' as it didn't match the path_filters for 'FastQC (raw)'
[2020-12-19 00:18:15,700] multiqc.modules.base_module                        [DEBUG  ]  fastqc/zip - Skipping 'K562_R1_1_val_1_fastqc.zip' as it didn't match the path_filters for 'FastQC (raw)'
[2020-12-19 00:18:15,700] multiqc.modules.base_module                        [DEBUG  ]  fastqc/zip - Skipping 'K562_R2_1_val_1_fastqc.zip' as it didn't match the path_filters for 'FastQC (raw)'
[2020-12-19 00:18:15,700] multiqc.modules.base_module                        [DEBUG  ]  fastqc/zip - Skipping 'K562_R1_2_val_2_fastqc.zip' as it didn't match the path_filters for 'FastQC (raw)'
[2020-12-19 00:18:15,700] multiqc.modules.base_module                        [DEBUG  ]  fastqc/zip - Skipping 'GM12878_R2_1_val_1_fastqc.zip' as it didn't match the path_filters for 'FastQC (raw)'
[2020-12-19 00:18:15,700] multiqc.modules.fastqc.fastqc                      [INFO   ]  Found 16 reports
[2020-12-19 00:18:15,884] multiqc.modules.cutadapt.cutadapt                  [INFO   ]  Found 16 reports
[2020-12-19 00:18:15,889] multiqc.modules.base_module                        [DEBUG  ]  fastqc/zip - Skipping 'H1_R2_1_fastqc.zip' as it didn't match the path_filters for 'FastQC (trimmed)'
[2020-12-19 00:18:15,889] multiqc.modules.base_module                        [DEBUG  ]  fastqc/zip - Skipping 'GM12878_R2_2_fastqc.zip' as it didn't match the path_filters for 'FastQC (trimmed)'
[2020-12-19 00:18:15,889] multiqc.modules.base_module                        [DEBUG  ]  fastqc/zip - Skipping 'H1_R2_2_fastqc.zip' as it didn't match the path_filters for 'FastQC (trimmed)'
[2020-12-19 00:18:15,889] multiqc.modules.base_module                        [DEBUG  ]  fastqc/zip - Skipping 'GM12878_R1_2_fastqc.zip' as it didn't match the path_filters for 'FastQC (trimmed)'
[2020-12-19 00:18:15,889] multiqc.modules.base_module                        [DEBUG  ]  fastqc/zip - Skipping 'GM12878_R2_1_fastqc.zip' as it didn't match the path_filters for 'FastQC (trimmed)'
[2020-12-19 00:18:15,889] multiqc.modules.base_module                        [DEBUG  ]  fastqc/zip - Skipping 'K562_R1_2_fastqc.zip' as it didn't match the path_filters for 'FastQC (trimmed)'
[2020-12-19 00:18:15,889] multiqc.modules.base_module                        [DEBUG  ]  fastqc/zip - Skipping 'H1_R1_2_fastqc.zip' as it didn't match the path_filters for 'FastQC (trimmed)'
[2020-12-19 00:18:15,889] multiqc.modules.base_module                        [DEBUG  ]  fastqc/zip - Skipping 'K562_R2_1_fastqc.zip' as it didn't match the path_filters for 'FastQC (trimmed)'
[2020-12-19 00:18:15,889] multiqc.modules.base_module                        [DEBUG  ]  fastqc/zip - Skipping 'K562_R1_1_fastqc.zip' as it didn't match the path_filters for 'FastQC (trimmed)'
[2020-12-19 00:18:15,889] multiqc.modules.base_module                        [DEBUG  ]  fastqc/zip - Skipping 'GM12878_R1_1_fastqc.zip' as it didn't match the path_filters for 'FastQC (trimmed)'
[2020-12-19 00:18:15,889] multiqc.modules.base_module                        [DEBUG  ]  fastqc/zip - Skipping 'MCF7_R2_1_fastqc.zip' as it didn't match the path_filters for 'FastQC (trimmed)'
[2020-12-19 00:18:15,890] multiqc.modules.base_module                        [DEBUG  ]  fastqc/zip - Skipping 'H1_R1_1_fastqc.zip' as it didn't match the path_filters for 'FastQC (trimmed)'
[2020-12-19 00:18:15,890] multiqc.modules.base_module                        [DEBUG  ]  fastqc/zip - Skipping 'K562_R2_2_fastqc.zip' as it didn't match the path_filters for 'FastQC (trimmed)'
[2020-12-19 00:18:15,890] multiqc.modules.base_module                        [DEBUG  ]  fastqc/zip - Skipping 'MCF7_R1_2_fastqc.zip' as it didn't match the path_filters for 'FastQC (trimmed)'
[2020-12-19 00:18:15,890] multiqc.modules.base_module                        [DEBUG  ]  fastqc/zip - Skipping 'MCF7_R1_1_fastqc.zip' as it didn't match the path_filters for 'FastQC (trimmed)'
[2020-12-19 00:18:15,890] multiqc.modules.base_module                        [DEBUG  ]  fastqc/zip - Skipping 'MCF7_R2_2_fastqc.zip' as it didn't match the path_filters for 'FastQC (trimmed)'
[2020-12-19 00:18:15,890] multiqc.modules.base_module                        [DEBUG  ]  fastqc/zip - Selecting 'GM12878_R1_1_val_1_fastqc.zip' as it matched the path_filters for 'FastQC (trimmed)'
[2020-12-19 00:18:15,891] multiqc.modules.base_module                        [DEBUG  ]  fastqc/zip - Selecting 'GM12878_R1_2_val_2_fastqc.zip' as it matched the path_filters for 'FastQC (trimmed)'
[2020-12-19 00:18:15,893] multiqc.modules.base_module                        [DEBUG  ]  fastqc/zip - Selecting 'H1_R2_1_val_1_fastqc.zip' as it matched the path_filters for 'FastQC (trimmed)'
[2020-12-19 00:18:15,907] multiqc.modules.base_module                        [DEBUG  ]  fastqc/zip - Selecting 'MCF7_R1_1_val_1_fastqc.zip' as it matched the path_filters for 'FastQC (trimmed)'
[2020-12-19 00:18:15,920] multiqc.modules.base_module                        [DEBUG  ]  fastqc/zip - Selecting 'MCF7_R2_1_val_1_fastqc.zip' as it matched the path_filters for 'FastQC (trimmed)'
[2020-12-19 00:18:15,934] multiqc.modules.base_module                        [DEBUG  ]  fastqc/zip - Selecting 'H1_R1_1_val_1_fastqc.zip' as it matched the path_filters for 'FastQC (trimmed)'
[2020-12-19 00:18:15,947] multiqc.modules.base_module                        [DEBUG  ]  fastqc/zip - Selecting 'H1_R1_2_val_2_fastqc.zip' as it matched the path_filters for 'FastQC (trimmed)'
[2020-12-19 00:18:15,961] multiqc.modules.base_module                        [DEBUG  ]  fastqc/zip - Selecting 'MCF7_R1_2_val_2_fastqc.zip' as it matched the path_filters for 'FastQC (trimmed)'
[2020-12-19 00:18:15,975] multiqc.modules.base_module                        [DEBUG  ]  fastqc/zip - Selecting 'H1_R2_2_val_2_fastqc.zip' as it matched the path_filters for 'FastQC (trimmed)'
[2020-12-19 00:18:15,988] multiqc.modules.base_module                        [DEBUG  ]  fastqc/zip - Selecting 'MCF7_R2_2_val_2_fastqc.zip' as it matched the path_filters for 'FastQC (trimmed)'
[2020-12-19 00:18:16,001] multiqc.modules.base_module                        [DEBUG  ]  fastqc/zip - Selecting 'K562_R2_2_val_2_fastqc.zip' as it matched the path_filters for 'FastQC (trimmed)'
[2020-12-19 00:18:16,003] multiqc.modules.base_module                        [DEBUG  ]  fastqc/zip - Selecting 'GM12878_R2_2_val_2_fastqc.zip' as it matched the path_filters for 'FastQC (trimmed)'
[2020-12-19 00:18:16,004] multiqc.modules.base_module                        [DEBUG  ]  fastqc/zip - Selecting 'K562_R1_1_val_1_fastqc.zip' as it matched the path_filters for 'FastQC (trimmed)'
[2020-12-19 00:18:16,006] multiqc.modules.base_module                        [DEBUG  ]  fastqc/zip - Selecting 'K562_R2_1_val_1_fastqc.zip' as it matched the path_filters for 'FastQC (trimmed)'
[2020-12-19 00:18:16,008] multiqc.modules.base_module                        [DEBUG  ]  fastqc/zip - Selecting 'K562_R1_2_val_2_fastqc.zip' as it matched the path_filters for 'FastQC (trimmed)'
[2020-12-19 00:18:16,009] multiqc.modules.base_module                        [DEBUG  ]  fastqc/zip - Selecting 'GM12878_R2_1_val_1_fastqc.zip' as it matched the path_filters for 'FastQC (trimmed)'
[2020-12-19 00:18:16,011] multiqc.modules.fastqc.fastqc                      [INFO   ]  Found 16 reports
[2020-12-19 00:18:16,176] multiqc                                            [DEBUG  ]  Reordering sections: anchor 'software_versions' not found for module 'Biotype Counts'.
[2020-12-19 00:18:16,176] multiqc                                            [DEBUG  ]  Reordering sections: anchor 'nf-core-rnaseq-summary' not found for module 'Biotype Counts'.
[2020-12-19 00:18:16,176] multiqc                                            [DEBUG  ]  Reordering sections: anchor 'software_versions' not found for module 'STAR_RSEM DESeq2 sample similarity'.
[2020-12-19 00:18:16,176] multiqc                                            [DEBUG  ]  Reordering sections: anchor 'nf-core-rnaseq-summary' not found for module 'STAR_RSEM DESeq2 sample similarity'.
[2020-12-19 00:18:16,176] multiqc                                            [DEBUG  ]  Reordering sections: anchor 'software_versions' not found for module 'STAR_RSEM DESeq2 PCA plot'.
[2020-12-19 00:18:16,176] multiqc                                            [DEBUG  ]  Reordering sections: anchor 'nf-core-rnaseq-summary' not found for module 'STAR_RSEM DESeq2 PCA plot'.
[2020-12-19 00:18:16,176] multiqc                                            [DEBUG  ]  Reordering sections: anchor 'software_versions' not found for module 'SALMON DESeq2 sample similarity'.
[2020-12-19 00:18:16,176] multiqc                                            [DEBUG  ]  Reordering sections: anchor 'nf-core-rnaseq-summary' not found for module 'SALMON DESeq2 sample similarity'.
[2020-12-19 00:18:16,177] multiqc                                            [DEBUG  ]  Reordering sections: anchor 'software_versions' not found for module 'SALMON DESeq2 PCA plot'.
[2020-12-19 00:18:16,177] multiqc                                            [DEBUG  ]  Reordering sections: anchor 'nf-core-rnaseq-summary' not found for module 'SALMON DESeq2 PCA plot'.
[2020-12-19 00:18:16,177] multiqc                                            [DEBUG  ]  Reordering sections: anchor 'software_versions' not found for module 'DupRadar'.
[2020-12-19 00:18:16,177] multiqc                                            [DEBUG  ]  Reordering sections: anchor 'nf-core-rnaseq-summary' not found for module 'DupRadar'.
[2020-12-19 00:18:16,177] multiqc                                            [DEBUG  ]  Reordering sections: anchor 'software_versions' not found for module 'Picard'.
[2020-12-19 00:18:16,177] multiqc                                            [DEBUG  ]  Reordering sections: anchor 'nf-core-rnaseq-summary' not found for module 'Picard'.
[2020-12-19 00:18:16,177] multiqc                                            [DEBUG  ]  Reordering sections: anchor 'software_versions' not found for module 'Preseq'.
[2020-12-19 00:18:16,177] multiqc                                            [DEBUG  ]  Reordering sections: anchor 'nf-core-rnaseq-summary' not found for module 'Preseq'.
[2020-12-19 00:18:16,177] multiqc                                            [DEBUG  ]  Reordering sections: anchor 'software_versions' not found for module 'QualiMap'.
[2020-12-19 00:18:16,177] multiqc                                            [DEBUG  ]  Reordering sections: anchor 'nf-core-rnaseq-summary' not found for module 'QualiMap'.
[2020-12-19 00:18:16,177] multiqc                                            [DEBUG  ]  Reordering sections: anchor 'software_versions' not found for module 'Rsem'.
[2020-12-19 00:18:16,177] multiqc                                            [DEBUG  ]  Reordering sections: anchor 'nf-core-rnaseq-summary' not found for module 'Rsem'.
[2020-12-19 00:18:16,177] multiqc                                            [DEBUG  ]  Reordering sections: anchor 'software_versions' not found for module 'RSeQC'.
[2020-12-19 00:18:16,177] multiqc                                            [DEBUG  ]  Reordering sections: anchor 'nf-core-rnaseq-summary' not found for module 'RSeQC'.
[2020-12-19 00:18:16,177] multiqc                                            [DEBUG  ]  Reordering sections: anchor 'software_versions' not found for module 'Salmon'.
[2020-12-19 00:18:16,177] multiqc                                            [DEBUG  ]  Reordering sections: anchor 'nf-core-rnaseq-summary' not found for module 'Salmon'.
[2020-12-19 00:18:16,177] multiqc                                            [DEBUG  ]  Reordering sections: anchor 'software_versions' not found for module 'Samtools'.
[2020-12-19 00:18:16,177] multiqc                                            [DEBUG  ]  Reordering sections: anchor 'nf-core-rnaseq-summary' not found for module 'Samtools'.
[2020-12-19 00:18:16,177] multiqc                                            [DEBUG  ]  Reordering sections: anchor 'software_versions' not found for module 'FastQC (raw)'.
[2020-12-19 00:18:16,177] multiqc                                            [DEBUG  ]  Reordering sections: anchor 'nf-core-rnaseq-summary' not found for module 'FastQC (raw)'.
[2020-12-19 00:18:16,177] multiqc                                            [DEBUG  ]  Reordering sections: anchor 'software_versions' not found for module 'Cutadapt'.
[2020-12-19 00:18:16,177] multiqc                                            [DEBUG  ]  Reordering sections: anchor 'nf-core-rnaseq-summary' not found for module 'Cutadapt'.
[2020-12-19 00:18:16,177] multiqc                                            [DEBUG  ]  Reordering sections: anchor 'software_versions' not found for module 'FastQC (trimmed)'.
[2020-12-19 00:18:16,177] multiqc                                            [DEBUG  ]  Reordering sections: anchor 'nf-core-rnaseq-summary' not found for module 'FastQC (trimmed)'.
[2020-12-19 00:18:16,177] multiqc                                            [DEBUG  ]  Reordering sections: anchor 'software_versions' not found for module 'nf-core/rnaseq Software Versions'.
[2020-12-19 00:18:16,177] multiqc                                            [DEBUG  ]  Reordering sections: anchor 'nf-core-rnaseq-summary' not found for module 'nf-core/rnaseq Software Versions'.
[2020-12-19 00:18:16,177] multiqc                                            [DEBUG  ]  Reordering sections: anchor 'software_versions' not found for module 'nf-core/rnaseq Workflow Summary'.
[2020-12-19 00:18:16,177] multiqc                                            [DEBUG  ]  Reordering sections: anchor 'nf-core-rnaseq-summary' not found for module 'nf-core/rnaseq Workflow Summary'.
[2020-12-19 00:18:16,234] multiqc                                            [INFO   ]  Compressing plot data
[2020-12-19 00:18:18,370] multiqc                                            [INFO   ]  Report      : multiqc_report.html
[2020-12-19 00:18:18,370] multiqc                                            [INFO   ]  Data        : multiqc_data
[2020-12-19 00:18:18,370] multiqc                                            [DEBUG  ]  Moving data file from '/tmp/tmp0oyenced/multiqc_data' to '/tmp/nxf.ESsqeqazfX/multiqc_data'
[2020-12-19 00:18:18,465] multiqc                                            [INFO   ]  MultiQC complete
